[2016-07-07 01:27:12] local.ERROR: exception 'PDOException' with message 'SQLSTATE[42S01]: Base table or view already exists: 1050 Table 'posts' already exists' in C:\wamp\www\blog5\vendor\laravel\framework\src\Illuminate\Database\Connection.php:441
Stack trace:
#0 C:\wamp\www\blog5\vendor\laravel\framework\src\Illuminate\Database\Connection.php(441): PDOStatement->execute(Array)
#1 C:\wamp\www\blog5\vendor\laravel\framework\src\Illuminate\Database\Connection.php(706): Illuminate\Database\Connection->Illuminate\Database\{closure}(Object(Illuminate\Database\MySqlConnection), 'create table `p...', Array)
#2 C:\wamp\www\blog5\vendor\laravel\framework\src\Illuminate\Database\Connection.php(669): Illuminate\Database\Connection->runQueryCallback('create table `p...', Array, Object(Closure))
#3 C:\wamp\www\blog5\vendor\laravel\framework\src\Illuminate\Database\Connection.php(442): Illuminate\Database\Connection->run('create table `p...', Array, Object(Closure))
#4 C:\wamp\www\blog5\vendor\laravel\framework\src\Illuminate\Database\Schema\Blueprint.php(83): Illuminate\Database\Connection->statement('create table `p...')
#5 C:\wamp\www\blog5\vendor\laravel\framework\src\Illuminate\Database\Schema\Builder.php(229): Illuminate\Database\Schema\Blueprint->build(Object(Illuminate\Database\MySqlConnection), Object(Illuminate\Database\Schema\Grammars\MySqlGrammar))
#6 C:\wamp\www\blog5\vendor\laravel\framework\src\Illuminate\Database\Schema\Builder.php(148): Illuminate\Database\Schema\Builder->build(Object(Illuminate\Database\Schema\Blueprint))
#7 C:\wamp\www\blog5\vendor\laravel\framework\src\Illuminate\Support\Facades\Facade.php(219): Illuminate\Database\Schema\Builder->create('posts', Object(Closure))
#8 C:\wamp\www\blog5\database\migrations\2016_07_07_012554_create_posts_table.php(20): Illuminate\Support\Facades\Facade::__callStatic('create', Array)
#9 C:\wamp\www\blog5\database\migrations\2016_07_07_012554_create_posts_table.php(20): Illuminate\Support\Facades\Schema::create('posts', Object(Closure))
#10 C:\wamp\www\blog5\vendor\laravel\framework\src\Illuminate\Database\Migrations\Migrator.php(147): CreatePostsTable->up()
#11 C:\wamp\www\blog5\vendor\laravel\framework\src\Illuminate\Database\Migrations\Migrator.php(117): Illuminate\Database\Migrations\Migrator->runUp('2016_07_07_0125...', 1, false)
#12 C:\wamp\www\blog5\vendor\laravel\framework\src\Illuminate\Database\Migrations\Migrator.php(86): Illuminate\Database\Migrations\Migrator->runMigrationList(Array, Array)
#13 C:\wamp\www\blog5\vendor\laravel\framework\src\Illuminate\Database\Console\Migrations\MigrateCommand.php(77): Illuminate\Database\Migrations\Migrator->run('C:\\wamp\\www\\blo...', Array)
#14 [internal function]: Illuminate\Database\Console\Migrations\MigrateCommand->fire()
#15 C:\wamp\www\blog5\vendor\laravel\framework\src\Illuminate\Container\Container.php(507): call_user_func_array(Array, Array)
#16 C:\wamp\www\blog5\vendor\laravel\framework\src\Illuminate\Console\Command.php(169): Illuminate\Container\Container->call(Array)
#17 C:\wamp\www\blog5\vendor\symfony\console\Command\Command.php(256): Illuminate\Console\Command->execute(Object(Symfony\Component\Console\Input\ArgvInput), Object(Symfony\Component\Console\Output\ConsoleOutput))
#18 C:\wamp\www\blog5\vendor\laravel\framework\src\Illuminate\Console\Command.php(155): Symfony\Component\Console\Command\Command->run(Object(Symfony\Component\Console\Input\ArgvInput), Object(Symfony\Component\Console\Output\ConsoleOutput))
#19 C:\wamp\www\blog5\vendor\symfony\console\Application.php(791): Illuminate\Console\Command->run(Object(Symfony\Component\Console\Input\ArgvInput), Object(Symfony\Component\Console\Output\ConsoleOutput))
#20 C:\wamp\www\blog5\vendor\symfony\console\Application.php(186): Symfony\Component\Console\Application->doRunCommand(Object(Illuminate\Database\Console\Migrations\MigrateCommand), Object(Symfony\Component\Console\Input\ArgvInput), Object(Symfony\Component\Console\Output\ConsoleOutput))
#21 C:\wamp\www\blog5\vendor\symfony\console\Application.php(117): Symfony\Component\Console\Application->doRun(Object(Symfony\Component\Console\Input\ArgvInput), Object(Symfony\Component\Console\Output\ConsoleOutput))
#22 C:\wamp\www\blog5\vendor\laravel\framework\src\Illuminate\Foundation\Console\Kernel.php(107): Symfony\Component\Console\Application->run(Object(Symfony\Component\Console\Input\ArgvInput), Object(Symfony\Component\Console\Output\ConsoleOutput))
#23 C:\wamp\www\blog5\artisan(36): Illuminate\Foundation\Console\Kernel->handle(Object(Symfony\Component\Console\Input\ArgvInput), Object(Symfony\Component\Console\Output\ConsoleOutput))
#24 {main}

Next exception 'Illuminate\Database\QueryException' with message 'SQLSTATE[42S01]: Base table or view already exists: 1050 Table 'posts' already exists (SQL: create table `posts` (`id` int unsigned not null auto_increment primary key, `title` varchar(255) not null, `description` varchar(255) not null, `created_at` timestamp null, `updated_at` timestamp null) default character set utf8 collate utf8_unicode_ci)' in C:\wamp\www\blog5\vendor\laravel\framework\src\Illuminate\Database\Connection.php:713
Stack trace:
#0 C:\wamp\www\blog5\vendor\laravel\framework\src\Illuminate\Database\Connection.php(669): Illuminate\Database\Connection->runQueryCallback('create table `p...', Array, Object(Closure))
#1 C:\wamp\www\blog5\vendor\laravel\framework\src\Illuminate\Database\Connection.php(442): Illuminate\Database\Connection->run('create table `p...', Array, Object(Closure))
#2 C:\wamp\www\blog5\vendor\laravel\framework\src\Illuminate\Database\Schema\Blueprint.php(83): Illuminate\Database\Connection->statement('create table `p...')
#3 C:\wamp\www\blog5\vendor\laravel\framework\src\Illuminate\Database\Schema\Builder.php(229): Illuminate\Database\Schema\Blueprint->build(Object(Illuminate\Database\MySqlConnection), Object(Illuminate\Database\Schema\Grammars\MySqlGrammar))
#4 C:\wamp\www\blog5\vendor\laravel\framework\src\Illuminate\Database\Schema\Builder.php(148): Illuminate\Database\Schema\Builder->build(Object(Illuminate\Database\Schema\Blueprint))
#5 C:\wamp\www\blog5\vendor\laravel\framework\src\Illuminate\Support\Facades\Facade.php(219): Illuminate\Database\Schema\Builder->create('posts', Object(Closure))
#6 C:\wamp\www\blog5\database\migrations\2016_07_07_012554_create_posts_table.php(20): Illuminate\Support\Facades\Facade::__callStatic('create', Array)
#7 C:\wamp\www\blog5\database\migrations\2016_07_07_012554_create_posts_table.php(20): Illuminate\Support\Facades\Schema::create('posts', Object(Closure))
#8 C:\wamp\www\blog5\vendor\laravel\framework\src\Illuminate\Database\Migrations\Migrator.php(147): CreatePostsTable->up()
#9 C:\wamp\www\blog5\vendor\laravel\framework\src\Illuminate\Database\Migrations\Migrator.php(117): Illuminate\Database\Migrations\Migrator->runUp('2016_07_07_0125...', 1, false)
#10 C:\wamp\www\blog5\vendor\laravel\framework\src\Illuminate\Database\Migrations\Migrator.php(86): Illuminate\Database\Migrations\Migrator->runMigrationList(Array, Array)
#11 C:\wamp\www\blog5\vendor\laravel\framework\src\Illuminate\Database\Console\Migrations\MigrateCommand.php(77): Illuminate\Database\Migrations\Migrator->run('C:\\wamp\\www\\blo...', Array)
#12 [internal function]: Illuminate\Database\Console\Migrations\MigrateCommand->fire()
#13 C:\wamp\www\blog5\vendor\laravel\framework\src\Illuminate\Container\Container.php(507): call_user_func_array(Array, Array)
#14 C:\wamp\www\blog5\vendor\laravel\framework\src\Illuminate\Console\Command.php(169): Illuminate\Container\Container->call(Array)
#15 C:\wamp\www\blog5\vendor\symfony\console\Command\Command.php(256): Illuminate\Console\Command->execute(Object(Symfony\Component\Console\Input\ArgvInput), Object(Symfony\Component\Console\Output\ConsoleOutput))
#16 C:\wamp\www\blog5\vendor\laravel\framework\src\Illuminate\Console\Command.php(155): Symfony\Component\Console\Command\Command->run(Object(Symfony\Component\Console\Input\ArgvInput), Object(Symfony\Component\Console\Output\ConsoleOutput))
#17 C:\wamp\www\blog5\vendor\symfony\console\Application.php(791): Illuminate\Console\Command->run(Object(Symfony\Component\Console\Input\ArgvInput), Object(Symfony\Component\Console\Output\ConsoleOutput))
#18 C:\wamp\www\blog5\vendor\symfony\console\Application.php(186): Symfony\Component\Console\Application->doRunCommand(Object(Illuminate\Database\Console\Migrations\MigrateCommand), Object(Symfony\Component\Console\Input\ArgvInput), Object(Symfony\Component\Console\Output\ConsoleOutput))
#19 C:\wamp\www\blog5\vendor\symfony\console\Application.php(117): Symfony\Component\Console\Application->doRun(Object(Symfony\Component\Console\Input\ArgvInput), Object(Symfony\Component\Console\Output\ConsoleOutput))
#20 C:\wamp\www\blog5\vendor\laravel\framework\src\Illuminate\Foundation\Console\Kernel.php(107): Symfony\Component\Console\Application->run(Object(Symfony\Component\Console\Input\ArgvInput), Object(Symfony\Component\Console\Output\ConsoleOutput))
#21 C:\wamp\www\blog5\artisan(36): Illuminate\Foundation\Console\Kernel->handle(Object(Symfony\Component\Console\Input\ArgvInput), Object(Symfony\Component\Console\Output\ConsoleOutput))
#22 {main}  
[2016-07-07 01:44:15] local.ERROR: exception 'Symfony\Component\Debug\Exception\FatalErrorException' with message 'Class 'Form' not found' in C:\wamp\www\blog5\storage\framework\views\c1096966c007bb58b901679335f02e77f288bb0d.php:3
Stack trace:
#0 C:\wamp\www\blog5\vendor\laravel\framework\src\Illuminate\Foundation\Bootstrap\HandleExceptions.php(133): Symfony\Component\Debug\Exception\FatalErrorException->__construct()
#1 C:\wamp\www\blog5\vendor\laravel\framework\src\Illuminate\Foundation\Bootstrap\HandleExceptions.php(118): Illuminate\Foundation\Bootstrap\HandleExceptions->fatalExceptionFromError()
#2 C:\wamp\www\blog5\vendor\laravel\framework\src\Illuminate\Foundation\Bootstrap\HandleExceptions.php(0): Illuminate\Foundation\Bootstrap\HandleExceptions->handleShutdown()
#3 C:\wamp\www\blog5\vendor\laravel\framework\src\Illuminate\View\Engines\PhpEngine.php(42): ()
#4 C:\wamp\www\blog5\vendor\laravel\framework\src\Illuminate\View\Engines\CompilerEngine.php(59): Illuminate\View\Engines\PhpEngine->evaluatePath()
#5 C:\wamp\www\blog5\vendor\laravel\framework\src\Illuminate\View\View.php(149): Illuminate\View\Engines\CompilerEngine->get()
#6 C:\wamp\www\blog5\vendor\laravel\framework\src\Illuminate\View\View.php(120): Illuminate\View\View->getContents()
#7 C:\wamp\www\blog5\vendor\laravel\framework\src\Illuminate\View\View.php(85): Illuminate\View\View->renderContents()
#8 C:\wamp\www\blog5\vendor\laravel\framework\src\Illuminate\Http\Response.php(53): Illuminate\View\View->render()
#9 C:\wamp\www\blog5\vendor\symfony\http-foundation\Response.php(201): Illuminate\Http\Response->setContent()
#10 C:\wamp\www\blog5\vendor\laravel\framework\src\Illuminate\Routing\Router.php(1085): Symfony\Component\HttpFoundation\Response->__construct()
#11 C:\wamp\www\blog5\vendor\laravel\framework\src\Illuminate\Routing\ControllerDispatcher.php(95): Illuminate\Routing\Router->prepareResponse()
#12 C:\wamp\www\blog5\vendor\laravel\framework\src\Illuminate\Routing\Pipeline.php(52): Illuminate\Routing\ControllerDispatcher->Illuminate\Routing\{closure}()
#13 C:\wamp\www\blog5\vendor\laravel\framework\src\Illuminate\Routing\Pipeline.php(52): call_user_func:{C:\wamp\www\blog5\vendor\laravel\framework\src\Illuminate\Routing\Pipeline.php:52}()
#14 C:\wamp\www\blog5\vendor\laravel\framework\src\Illuminate\Pipeline\Pipeline.php(103): Illuminate\Routing\Pipeline->Illuminate\Routing\{closure}()
#15 C:\wamp\www\blog5\vendor\laravel\framework\src\Illuminate\Pipeline\Pipeline.php(103): call_user_func:{C:\wamp\www\blog5\vendor\laravel\framework\src\Illuminate\Pipeline\Pipeline.php:103}()
#16 C:\wamp\www\blog5\vendor\laravel\framework\src\Illuminate\Routing\ControllerDispatcher.php(96): Illuminate\Pipeline\Pipeline->then()
#17 C:\wamp\www\blog5\vendor\laravel\framework\src\Illuminate\Routing\ControllerDispatcher.php(54): Illuminate\Routing\ControllerDispatcher->callWithinStack()
#18 C:\wamp\www\blog5\vendor\laravel\framework\src\Illuminate\Routing\Route.php(174): Illuminate\Routing\ControllerDispatcher->dispatch()
#19 C:\wamp\www\blog5\vendor\laravel\framework\src\Illuminate\Routing\Route.php(140): Illuminate\Routing\Route->runController()
#20 C:\wamp\www\blog5\vendor\laravel\framework\src\Illuminate\Routing\Router.php(724): Illuminate\Routing\Route->run()
#21 C:\wamp\www\blog5\vendor\laravel\framework\src\Illuminate\Routing\Pipeline.php(52): Illuminate\Routing\Router->Illuminate\Routing\{closure}()
#22 C:\wamp\www\blog5\vendor\laravel\framework\src\Illuminate\Routing\Pipeline.php(52): call_user_func:{C:\wamp\www\blog5\vendor\laravel\framework\src\Illuminate\Routing\Pipeline.php:52}()
#23 C:\wamp\www\blog5\vendor\laravel\framework\src\Illuminate\Foundation\Http\Middleware\VerifyCsrfToken.php(64): Illuminate\Routing\Pipeline->Illuminate\Routing\{closure}()
#24 C:\wamp\www\blog5\vendor\laravel\framework\src\Illuminate\Pipeline\Pipeline.php(136): Illuminate\Foundation\Http\Middleware\VerifyCsrfToken->handle()
#25 C:\wamp\www\blog5\vendor\laravel\framework\src\Illuminate\Pipeline\Pipeline.php(136): call_user_func_array:{C:\wamp\www\blog5\vendor\laravel\framework\src\Illuminate\Pipeline\Pipeline.php:136}()
#26 C:\wamp\www\blog5\vendor\laravel\framework\src\Illuminate\Routing\Pipeline.php(32): Illuminate\Pipeline\Pipeline->Illuminate\Pipeline\{closure}()
#27 C:\wamp\www\blog5\vendor\laravel\framework\src\Illuminate\Routing\Pipeline.php(32): call_user_func:{C:\wamp\www\blog5\vendor\laravel\framework\src\Illuminate\Routing\Pipeline.php:32}()
#28 C:\wamp\www\blog5\vendor\laravel\framework\src\Illuminate\View\Middleware\ShareErrorsFromSession.php(49): Illuminate\Routing\Pipeline->Illuminate\Routing\{closure}()
#29 C:\wamp\www\blog5\vendor\laravel\framework\src\Illuminate\Pipeline\Pipeline.php(136): Illuminate\View\Middleware\ShareErrorsFromSession->handle()
#30 C:\wamp\www\blog5\vendor\laravel\framework\src\Illuminate\Pipeline\Pipeline.php(136): call_user_func_array:{C:\wamp\www\blog5\vendor\laravel\framework\src\Illuminate\Pipeline\Pipeline.php:136}()
#31 C:\wamp\www\blog5\vendor\laravel\framework\src\Illuminate\Routing\Pipeline.php(32): Illuminate\Pipeline\Pipeline->Illuminate\Pipeline\{closure}()
#32 C:\wamp\www\blog5\vendor\laravel\framework\src\Illuminate\Routing\Pipeline.php(32): call_user_func:{C:\wamp\www\blog5\vendor\laravel\framework\src\Illuminate\Routing\Pipeline.php:32}()
#33 C:\wamp\www\blog5\vendor\laravel\framework\src\Illuminate\Session\Middleware\StartSession.php(62): Illuminate\Routing\Pipeline->Illuminate\Routing\{closure}()
#34 C:\wamp\www\blog5\vendor\laravel\framework\src\Illuminate\Pipeline\Pipeline.php(136): Illuminate\Session\Middleware\StartSession->handle()
#35 C:\wamp\www\blog5\vendor\laravel\framework\src\Illuminate\Pipeline\Pipeline.php(136): call_user_func_array:{C:\wamp\www\blog5\vendor\laravel\framework\src\Illuminate\Pipeline\Pipeline.php:136}()
#36 C:\wamp\www\blog5\vendor\laravel\framework\src\Illuminate\Routing\Pipeline.php(32): Illuminate\Pipeline\Pipeline->Illuminate\Pipeline\{closure}()
#37 C:\wamp\www\blog5\vendor\laravel\framework\src\Illuminate\Routing\Pipeline.php(32): call_user_func:{C:\wamp\www\blog5\vendor\laravel\framework\src\Illuminate\Routing\Pipeline.php:32}()
#38 C:\wamp\www\blog5\vendor\laravel\framework\src\Illuminate\Cookie\Middleware\AddQueuedCookiesToResponse.php(37): Illuminate\Routing\Pipeline->Illuminate\Routing\{closure}()
#39 C:\wamp\www\blog5\vendor\laravel\framework\src\Illuminate\Pipeline\Pipeline.php(136): Illuminate\Cookie\Middleware\AddQueuedCookiesToResponse->handle()
#40 C:\wamp\www\blog5\vendor\laravel\framework\src\Illuminate\Pipeline\Pipeline.php(136): call_user_func_array:{C:\wamp\www\blog5\vendor\laravel\framework\src\Illuminate\Pipeline\Pipeline.php:136}()
#41 C:\wamp\www\blog5\vendor\laravel\framework\src\Illuminate\Routing\Pipeline.php(32): Illuminate\Pipeline\Pipeline->Illuminate\Pipeline\{closure}()
#42 C:\wamp\www\blog5\vendor\laravel\framework\src\Illuminate\Routing\Pipeline.php(32): call_user_func:{C:\wamp\www\blog5\vendor\laravel\framework\src\Illuminate\Routing\Pipeline.php:32}()
#43 C:\wamp\www\blog5\vendor\laravel\framework\src\Illuminate\Cookie\Middleware\EncryptCookies.php(59): Illuminate\Routing\Pipeline->Illuminate\Routing\{closure}()
#44 C:\wamp\www\blog5\vendor\laravel\framework\src\Illuminate\Pipeline\Pipeline.php(136): Illuminate\Cookie\Middleware\EncryptCookies->handle()
#45 C:\wamp\www\blog5\vendor\laravel\framework\src\Illuminate\Pipeline\Pipeline.php(136): call_user_func_array:{C:\wamp\www\blog5\vendor\laravel\framework\src\Illuminate\Pipeline\Pipeline.php:136}()
#46 C:\wamp\www\blog5\vendor\laravel\framework\src\Illuminate\Routing\Pipeline.php(32): Illuminate\Pipeline\Pipeline->Illuminate\Pipeline\{closure}()
#47 C:\wamp\www\blog5\vendor\laravel\framework\src\Illuminate\Routing\Pipeline.php(32): call_user_func:{C:\wamp\www\blog5\vendor\laravel\framework\src\Illuminate\Routing\Pipeline.php:32}()
#48 C:\wamp\www\blog5\vendor\laravel\framework\src\Illuminate\Pipeline\Pipeline.php(103): Illuminate\Routing\Pipeline->Illuminate\Routing\{closure}()
#49 C:\wamp\www\blog5\vendor\laravel\framework\src\Illuminate\Pipeline\Pipeline.php(103): call_user_func:{C:\wamp\www\blog5\vendor\laravel\framework\src\Illuminate\Pipeline\Pipeline.php:103}()
#50 C:\wamp\www\blog5\vendor\laravel\framework\src\Illuminate\Routing\Router.php(726): Illuminate\Pipeline\Pipeline->then()
#51 C:\wamp\www\blog5\vendor\laravel\framework\src\Illuminate\Routing\Router.php(699): Illuminate\Routing\Router->runRouteWithinStack()
#52 C:\wamp\www\blog5\vendor\laravel\framework\src\Illuminate\Routing\Router.php(675): Illuminate\Routing\Router->dispatchToRoute()
#53 C:\wamp\www\blog5\vendor\laravel\framework\src\Illuminate\Foundation\Http\Kernel.php(246): Illuminate\Routing\Router->dispatch()
#54 C:\wamp\www\blog5\vendor\laravel\framework\src\Illuminate\Routing\Pipeline.php(52): Illuminate\Foundation\Http\Kernel->Illuminate\Foundation\Http\{closure}()
#55 C:\wamp\www\blog5\vendor\laravel\framework\src\Illuminate\Routing\Pipeline.php(52): call_user_func:{C:\wamp\www\blog5\vendor\laravel\framework\src\Illuminate\Routing\Pipeline.php:52}()
#56 C:\wamp\www\blog5\vendor\laravel\framework\src\Illuminate\Foundation\Http\Middleware\CheckForMaintenanceMode.php(44): Illuminate\Routing\Pipeline->Illuminate\Routing\{closure}()
#57 C:\wamp\www\blog5\vendor\laravel\framework\src\Illuminate\Pipeline\Pipeline.php(136): Illuminate\Foundation\Http\Middleware\CheckForMaintenanceMode->handle()
#58 C:\wamp\www\blog5\vendor\laravel\framework\src\Illuminate\Pipeline\Pipeline.php(136): call_user_func_array:{C:\wamp\www\blog5\vendor\laravel\framework\src\Illuminate\Pipeline\Pipeline.php:136}()
#59 C:\wamp\www\blog5\vendor\laravel\framework\src\Illuminate\Routing\Pipeline.php(32): Illuminate\Pipeline\Pipeline->Illuminate\Pipeline\{closure}()
#60 C:\wamp\www\blog5\vendor\laravel\framework\src\Illuminate\Routing\Pipeline.php(32): call_user_func:{C:\wamp\www\blog5\vendor\laravel\framework\src\Illuminate\Routing\Pipeline.php:32}()
#61 C:\wamp\www\blog5\vendor\laravel\framework\src\Illuminate\Pipeline\Pipeline.php(103): Illuminate\Routing\Pipeline->Illuminate\Routing\{closure}()
#62 C:\wamp\www\blog5\vendor\laravel\framework\src\Illuminate\Pipeline\Pipeline.php(103): call_user_func:{C:\wamp\www\blog5\vendor\laravel\framework\src\Illuminate\Pipeline\Pipeline.php:103}()
#63 C:\wamp\www\blog5\vendor\laravel\framework\src\Illuminate\Foundation\Http\Kernel.php(132): Illuminate\Pipeline\Pipeline->then()
#64 C:\wamp\www\blog5\vendor\laravel\framework\src\Illuminate\Foundation\Http\Kernel.php(99): Illuminate\Foundation\Http\Kernel->sendRequestThroughRouter()
#65 C:\wamp\www\blog5\public\index.php(54): Illuminate\Foundation\Http\Kernel->handle()
#66 C:\wamp\www\blog5\public\index.php(0): {main}()
#67 {main}  
[2016-07-07 01:45:54] local.ERROR: exception 'Symfony\Component\Debug\Exception\FatalErrorException' with message 'Class 'Form' not found' in C:\wamp\www\blog5\storage\framework\views\c1096966c007bb58b901679335f02e77f288bb0d.php:3
Stack trace:
#0 C:\wamp\www\blog5\vendor\laravel\framework\src\Illuminate\Foundation\Bootstrap\HandleExceptions.php(133): Symfony\Component\Debug\Exception\FatalErrorException->__construct()
#1 C:\wamp\www\blog5\vendor\laravel\framework\src\Illuminate\Foundation\Bootstrap\HandleExceptions.php(118): Illuminate\Foundation\Bootstrap\HandleExceptions->fatalExceptionFromError()
#2 C:\wamp\www\blog5\vendor\laravel\framework\src\Illuminate\Foundation\Bootstrap\HandleExceptions.php(0): Illuminate\Foundation\Bootstrap\HandleExceptions->handleShutdown()
#3 C:\wamp\www\blog5\vendor\laravel\framework\src\Illuminate\View\Engines\PhpEngine.php(42): ()
#4 C:\wamp\www\blog5\vendor\laravel\framework\src\Illuminate\View\Engines\CompilerEngine.php(59): Illuminate\View\Engines\PhpEngine->evaluatePath()
#5 C:\wamp\www\blog5\vendor\laravel\framework\src\Illuminate\View\View.php(149): Illuminate\View\Engines\CompilerEngine->get()
#6 C:\wamp\www\blog5\vendor\laravel\framework\src\Illuminate\View\View.php(120): Illuminate\View\View->getContents()
#7 C:\wamp\www\blog5\vendor\laravel\framework\src\Illuminate\View\View.php(85): Illuminate\View\View->renderContents()
#8 C:\wamp\www\blog5\vendor\laravel\framework\src\Illuminate\Http\Response.php(53): Illuminate\View\View->render()
#9 C:\wamp\www\blog5\vendor\symfony\http-foundation\Response.php(201): Illuminate\Http\Response->setContent()
#10 C:\wamp\www\blog5\vendor\laravel\framework\src\Illuminate\Routing\Router.php(1085): Symfony\Component\HttpFoundation\Response->__construct()
#11 C:\wamp\www\blog5\vendor\laravel\framework\src\Illuminate\Routing\ControllerDispatcher.php(95): Illuminate\Routing\Router->prepareResponse()
#12 C:\wamp\www\blog5\vendor\laravel\framework\src\Illuminate\Routing\Pipeline.php(52): Illuminate\Routing\ControllerDispatcher->Illuminate\Routing\{closure}()
#13 C:\wamp\www\blog5\vendor\laravel\framework\src\Illuminate\Routing\Pipeline.php(52): call_user_func:{C:\wamp\www\blog5\vendor\laravel\framework\src\Illuminate\Routing\Pipeline.php:52}()
#14 C:\wamp\www\blog5\vendor\laravel\framework\src\Illuminate\Pipeline\Pipeline.php(103): Illuminate\Routing\Pipeline->Illuminate\Routing\{closure}()
#15 C:\wamp\www\blog5\vendor\laravel\framework\src\Illuminate\Pipeline\Pipeline.php(103): call_user_func:{C:\wamp\www\blog5\vendor\laravel\framework\src\Illuminate\Pipeline\Pipeline.php:103}()
#16 C:\wamp\www\blog5\vendor\laravel\framework\src\Illuminate\Routing\ControllerDispatcher.php(96): Illuminate\Pipeline\Pipeline->then()
#17 C:\wamp\www\blog5\vendor\laravel\framework\src\Illuminate\Routing\ControllerDispatcher.php(54): Illuminate\Routing\ControllerDispatcher->callWithinStack()
#18 C:\wamp\www\blog5\vendor\laravel\framework\src\Illuminate\Routing\Route.php(174): Illuminate\Routing\ControllerDispatcher->dispatch()
#19 C:\wamp\www\blog5\vendor\laravel\framework\src\Illuminate\Routing\Route.php(140): Illuminate\Routing\Route->runController()
#20 C:\wamp\www\blog5\vendor\laravel\framework\src\Illuminate\Routing\Router.php(724): Illuminate\Routing\Route->run()
#21 C:\wamp\www\blog5\vendor\laravel\framework\src\Illuminate\Routing\Pipeline.php(52): Illuminate\Routing\Router->Illuminate\Routing\{closure}()
#22 C:\wamp\www\blog5\vendor\laravel\framework\src\Illuminate\Routing\Pipeline.php(52): call_user_func:{C:\wamp\www\blog5\vendor\laravel\framework\src\Illuminate\Routing\Pipeline.php:52}()
#23 C:\wamp\www\blog5\vendor\laravel\framework\src\Illuminate\Foundation\Http\Middleware\VerifyCsrfToken.php(64): Illuminate\Routing\Pipeline->Illuminate\Routing\{closure}()
#24 C:\wamp\www\blog5\vendor\laravel\framework\src\Illuminate\Pipeline\Pipeline.php(136): Illuminate\Foundation\Http\Middleware\VerifyCsrfToken->handle()
#25 C:\wamp\www\blog5\vendor\laravel\framework\src\Illuminate\Pipeline\Pipeline.php(136): call_user_func_array:{C:\wamp\www\blog5\vendor\laravel\framework\src\Illuminate\Pipeline\Pipeline.php:136}()
#26 C:\wamp\www\blog5\vendor\laravel\framework\src\Illuminate\Routing\Pipeline.php(32): Illuminate\Pipeline\Pipeline->Illuminate\Pipeline\{closure}()
#27 C:\wamp\www\blog5\vendor\laravel\framework\src\Illuminate\Routing\Pipeline.php(32): call_user_func:{C:\wamp\www\blog5\vendor\laravel\framework\src\Illuminate\Routing\Pipeline.php:32}()
#28 C:\wamp\www\blog5\vendor\laravel\framework\src\Illuminate\View\Middleware\ShareErrorsFromSession.php(49): Illuminate\Routing\Pipeline->Illuminate\Routing\{closure}()
#29 C:\wamp\www\blog5\vendor\laravel\framework\src\Illuminate\Pipeline\Pipeline.php(136): Illuminate\View\Middleware\ShareErrorsFromSession->handle()
#30 C:\wamp\www\blog5\vendor\laravel\framework\src\Illuminate\Pipeline\Pipeline.php(136): call_user_func_array:{C:\wamp\www\blog5\vendor\laravel\framework\src\Illuminate\Pipeline\Pipeline.php:136}()
#31 C:\wamp\www\blog5\vendor\laravel\framework\src\Illuminate\Routing\Pipeline.php(32): Illuminate\Pipeline\Pipeline->Illuminate\Pipeline\{closure}()
#32 C:\wamp\www\blog5\vendor\laravel\framework\src\Illuminate\Routing\Pipeline.php(32): call_user_func:{C:\wamp\www\blog5\vendor\laravel\framework\src\Illuminate\Routing\Pipeline.php:32}()
#33 C:\wamp\www\blog5\vendor\laravel\framework\src\Illuminate\Session\Middleware\StartSession.php(62): Illuminate\Routing\Pipeline->Illuminate\Routing\{closure}()
#34 C:\wamp\www\blog5\vendor\laravel\framework\src\Illuminate\Pipeline\Pipeline.php(136): Illuminate\Session\Middleware\StartSession->handle()
#35 C:\wamp\www\blog5\vendor\laravel\framework\src\Illuminate\Pipeline\Pipeline.php(136): call_user_func_array:{C:\wamp\www\blog5\vendor\laravel\framework\src\Illuminate\Pipeline\Pipeline.php:136}()
#36 C:\wamp\www\blog5\vendor\laravel\framework\src\Illuminate\Routing\Pipeline.php(32): Illuminate\Pipeline\Pipeline->Illuminate\Pipeline\{closure}()
#37 C:\wamp\www\blog5\vendor\laravel\framework\src\Illuminate\Routing\Pipeline.php(32): call_user_func:{C:\wamp\www\blog5\vendor\laravel\framework\src\Illuminate\Routing\Pipeline.php:32}()
#38 C:\wamp\www\blog5\vendor\laravel\framework\src\Illuminate\Cookie\Middleware\AddQueuedCookiesToResponse.php(37): Illuminate\Routing\Pipeline->Illuminate\Routing\{closure}()
#39 C:\wamp\www\blog5\vendor\laravel\framework\src\Illuminate\Pipeline\Pipeline.php(136): Illuminate\Cookie\Middleware\AddQueuedCookiesToResponse->handle()
#40 C:\wamp\www\blog5\vendor\laravel\framework\src\Illuminate\Pipeline\Pipeline.php(136): call_user_func_array:{C:\wamp\www\blog5\vendor\laravel\framework\src\Illuminate\Pipeline\Pipeline.php:136}()
#41 C:\wamp\www\blog5\vendor\laravel\framework\src\Illuminate\Routing\Pipeline.php(32): Illuminate\Pipeline\Pipeline->Illuminate\Pipeline\{closure}()
#42 C:\wamp\www\blog5\vendor\laravel\framework\src\Illuminate\Routing\Pipeline.php(32): call_user_func:{C:\wamp\www\blog5\vendor\laravel\framework\src\Illuminate\Routing\Pipeline.php:32}()
#43 C:\wamp\www\blog5\vendor\laravel\framework\src\Illuminate\Cookie\Middleware\EncryptCookies.php(59): Illuminate\Routing\Pipeline->Illuminate\Routing\{closure}()
#44 C:\wamp\www\blog5\vendor\laravel\framework\src\Illuminate\Pipeline\Pipeline.php(136): Illuminate\Cookie\Middleware\EncryptCookies->handle()
#45 C:\wamp\www\blog5\vendor\laravel\framework\src\Illuminate\Pipeline\Pipeline.php(136): call_user_func_array:{C:\wamp\www\blog5\vendor\laravel\framework\src\Illuminate\Pipeline\Pipeline.php:136}()
#46 C:\wamp\www\blog5\vendor\laravel\framework\src\Illuminate\Routing\Pipeline.php(32): Illuminate\Pipeline\Pipeline->Illuminate\Pipeline\{closure}()
#47 C:\wamp\www\blog5\vendor\laravel\framework\src\Illuminate\Routing\Pipeline.php(32): call_user_func:{C:\wamp\www\blog5\vendor\laravel\framework\src\Illuminate\Routing\Pipeline.php:32}()
#48 C:\wamp\www\blog5\vendor\laravel\framework\src\Illuminate\Pipeline\Pipeline.php(103): Illuminate\Routing\Pipeline->Illuminate\Routing\{closure}()
#49 C:\wamp\www\blog5\vendor\laravel\framework\src\Illuminate\Pipeline\Pipeline.php(103): call_user_func:{C:\wamp\www\blog5\vendor\laravel\framework\src\Illuminate\Pipeline\Pipeline.php:103}()
#50 C:\wamp\www\blog5\vendor\laravel\framework\src\Illuminate\Routing\Router.php(726): Illuminate\Pipeline\Pipeline->then()
#51 C:\wamp\www\blog5\vendor\laravel\framework\src\Illuminate\Routing\Router.php(699): Illuminate\Routing\Router->runRouteWithinStack()
#52 C:\wamp\www\blog5\vendor\laravel\framework\src\Illuminate\Routing\Router.php(675): Illuminate\Routing\Router->dispatchToRoute()
#53 C:\wamp\www\blog5\vendor\laravel\framework\src\Illuminate\Foundation\Http\Kernel.php(246): Illuminate\Routing\Router->dispatch()
#54 C:\wamp\www\blog5\vendor\laravel\framework\src\Illuminate\Routing\Pipeline.php(52): Illuminate\Foundation\Http\Kernel->Illuminate\Foundation\Http\{closure}()
#55 C:\wamp\www\blog5\vendor\laravel\framework\src\Illuminate\Routing\Pipeline.php(52): call_user_func:{C:\wamp\www\blog5\vendor\laravel\framework\src\Illuminate\Routing\Pipeline.php:52}()
#56 C:\wamp\www\blog5\vendor\laravel\framework\src\Illuminate\Foundation\Http\Middleware\CheckForMaintenanceMode.php(44): Illuminate\Routing\Pipeline->Illuminate\Routing\{closure}()
#57 C:\wamp\www\blog5\vendor\laravel\framework\src\Illuminate\Pipeline\Pipeline.php(136): Illuminate\Foundation\Http\Middleware\CheckForMaintenanceMode->handle()
#58 C:\wamp\www\blog5\vendor\laravel\framework\src\Illuminate\Pipeline\Pipeline.php(136): call_user_func_array:{C:\wamp\www\blog5\vendor\laravel\framework\src\Illuminate\Pipeline\Pipeline.php:136}()
#59 C:\wamp\www\blog5\vendor\laravel\framework\src\Illuminate\Routing\Pipeline.php(32): Illuminate\Pipeline\Pipeline->Illuminate\Pipeline\{closure}()
#60 C:\wamp\www\blog5\vendor\laravel\framework\src\Illuminate\Routing\Pipeline.php(32): call_user_func:{C:\wamp\www\blog5\vendor\laravel\framework\src\Illuminate\Routing\Pipeline.php:32}()
#61 C:\wamp\www\blog5\vendor\laravel\framework\src\Illuminate\Pipeline\Pipeline.php(103): Illuminate\Routing\Pipeline->Illuminate\Routing\{closure}()
#62 C:\wamp\www\blog5\vendor\laravel\framework\src\Illuminate\Pipeline\Pipeline.php(103): call_user_func:{C:\wamp\www\blog5\vendor\laravel\framework\src\Illuminate\Pipeline\Pipeline.php:103}()
#63 C:\wamp\www\blog5\vendor\laravel\framework\src\Illuminate\Foundation\Http\Kernel.php(132): Illuminate\Pipeline\Pipeline->then()
#64 C:\wamp\www\blog5\vendor\laravel\framework\src\Illuminate\Foundation\Http\Kernel.php(99): Illuminate\Foundation\Http\Kernel->sendRequestThroughRouter()
#65 C:\wamp\www\blog5\public\index.php(54): Illuminate\Foundation\Http\Kernel->handle()
#66 C:\wamp\www\blog5\public\index.php(0): {main}()
#67 {main}  
[2016-07-07 01:47:03] local.ERROR: exception 'Symfony\Component\Debug\Exception\FatalErrorException' with message 'Class 'Form' not found' in C:\wamp\www\blog5\storage\framework\views\081f12265dfb342285f1638bc53e0387f479cbda.php:23
Stack trace:
#0 C:\wamp\www\blog5\vendor\laravel\framework\src\Illuminate\Foundation\Bootstrap\HandleExceptions.php(133): Symfony\Component\Debug\Exception\FatalErrorException->__construct()
#1 C:\wamp\www\blog5\vendor\laravel\framework\src\Illuminate\Foundation\Bootstrap\HandleExceptions.php(118): Illuminate\Foundation\Bootstrap\HandleExceptions->fatalExceptionFromError()
#2 C:\wamp\www\blog5\vendor\laravel\framework\src\Illuminate\Foundation\Bootstrap\HandleExceptions.php(0): Illuminate\Foundation\Bootstrap\HandleExceptions->handleShutdown()
#3 C:\wamp\www\blog5\vendor\laravel\framework\src\Illuminate\View\Engines\PhpEngine.php(42): ()
#4 C:\wamp\www\blog5\vendor\laravel\framework\src\Illuminate\View\Engines\CompilerEngine.php(59): Illuminate\View\Engines\PhpEngine->evaluatePath()
#5 C:\wamp\www\blog5\vendor\laravel\framework\src\Illuminate\View\View.php(149): Illuminate\View\Engines\CompilerEngine->get()
#6 C:\wamp\www\blog5\vendor\laravel\framework\src\Illuminate\View\View.php(120): Illuminate\View\View->getContents()
#7 C:\wamp\www\blog5\vendor\laravel\framework\src\Illuminate\View\View.php(85): Illuminate\View\View->renderContents()
#8 C:\wamp\www\blog5\vendor\laravel\framework\src\Illuminate\Http\Response.php(53): Illuminate\View\View->render()
#9 C:\wamp\www\blog5\vendor\symfony\http-foundation\Response.php(201): Illuminate\Http\Response->setContent()
#10 C:\wamp\www\blog5\vendor\laravel\framework\src\Illuminate\Routing\Router.php(1085): Symfony\Component\HttpFoundation\Response->__construct()
#11 C:\wamp\www\blog5\vendor\laravel\framework\src\Illuminate\Routing\ControllerDispatcher.php(95): Illuminate\Routing\Router->prepareResponse()
#12 C:\wamp\www\blog5\vendor\laravel\framework\src\Illuminate\Routing\Pipeline.php(52): Illuminate\Routing\ControllerDispatcher->Illuminate\Routing\{closure}()
#13 C:\wamp\www\blog5\vendor\laravel\framework\src\Illuminate\Routing\Pipeline.php(52): call_user_func:{C:\wamp\www\blog5\vendor\laravel\framework\src\Illuminate\Routing\Pipeline.php:52}()
#14 C:\wamp\www\blog5\vendor\laravel\framework\src\Illuminate\Pipeline\Pipeline.php(103): Illuminate\Routing\Pipeline->Illuminate\Routing\{closure}()
#15 C:\wamp\www\blog5\vendor\laravel\framework\src\Illuminate\Pipeline\Pipeline.php(103): call_user_func:{C:\wamp\www\blog5\vendor\laravel\framework\src\Illuminate\Pipeline\Pipeline.php:103}()
#16 C:\wamp\www\blog5\vendor\laravel\framework\src\Illuminate\Routing\ControllerDispatcher.php(96): Illuminate\Pipeline\Pipeline->then()
#17 C:\wamp\www\blog5\vendor\laravel\framework\src\Illuminate\Routing\ControllerDispatcher.php(54): Illuminate\Routing\ControllerDispatcher->callWithinStack()
#18 C:\wamp\www\blog5\vendor\laravel\framework\src\Illuminate\Routing\Route.php(174): Illuminate\Routing\ControllerDispatcher->dispatch()
#19 C:\wamp\www\blog5\vendor\laravel\framework\src\Illuminate\Routing\Route.php(140): Illuminate\Routing\Route->runController()
#20 C:\wamp\www\blog5\vendor\laravel\framework\src\Illuminate\Routing\Router.php(724): Illuminate\Routing\Route->run()
#21 C:\wamp\www\blog5\vendor\laravel\framework\src\Illuminate\Routing\Pipeline.php(52): Illuminate\Routing\Router->Illuminate\Routing\{closure}()
#22 C:\wamp\www\blog5\vendor\laravel\framework\src\Illuminate\Routing\Pipeline.php(52): call_user_func:{C:\wamp\www\blog5\vendor\laravel\framework\src\Illuminate\Routing\Pipeline.php:52}()
#23 C:\wamp\www\blog5\vendor\laravel\framework\src\Illuminate\Foundation\Http\Middleware\VerifyCsrfToken.php(64): Illuminate\Routing\Pipeline->Illuminate\Routing\{closure}()
#24 C:\wamp\www\blog5\vendor\laravel\framework\src\Illuminate\Pipeline\Pipeline.php(136): Illuminate\Foundation\Http\Middleware\VerifyCsrfToken->handle()
#25 C:\wamp\www\blog5\vendor\laravel\framework\src\Illuminate\Pipeline\Pipeline.php(136): call_user_func_array:{C:\wamp\www\blog5\vendor\laravel\framework\src\Illuminate\Pipeline\Pipeline.php:136}()
#26 C:\wamp\www\blog5\vendor\laravel\framework\src\Illuminate\Routing\Pipeline.php(32): Illuminate\Pipeline\Pipeline->Illuminate\Pipeline\{closure}()
#27 C:\wamp\www\blog5\vendor\laravel\framework\src\Illuminate\Routing\Pipeline.php(32): call_user_func:{C:\wamp\www\blog5\vendor\laravel\framework\src\Illuminate\Routing\Pipeline.php:32}()
#28 C:\wamp\www\blog5\vendor\laravel\framework\src\Illuminate\View\Middleware\ShareErrorsFromSession.php(49): Illuminate\Routing\Pipeline->Illuminate\Routing\{closure}()
#29 C:\wamp\www\blog5\vendor\laravel\framework\src\Illuminate\Pipeline\Pipeline.php(136): Illuminate\View\Middleware\ShareErrorsFromSession->handle()
#30 C:\wamp\www\blog5\vendor\laravel\framework\src\Illuminate\Pipeline\Pipeline.php(136): call_user_func_array:{C:\wamp\www\blog5\vendor\laravel\framework\src\Illuminate\Pipeline\Pipeline.php:136}()
#31 C:\wamp\www\blog5\vendor\laravel\framework\src\Illuminate\Routing\Pipeline.php(32): Illuminate\Pipeline\Pipeline->Illuminate\Pipeline\{closure}()
#32 C:\wamp\www\blog5\vendor\laravel\framework\src\Illuminate\Routing\Pipeline.php(32): call_user_func:{C:\wamp\www\blog5\vendor\laravel\framework\src\Illuminate\Routing\Pipeline.php:32}()
#33 C:\wamp\www\blog5\vendor\laravel\framework\src\Illuminate\Session\Middleware\StartSession.php(62): Illuminate\Routing\Pipeline->Illuminate\Routing\{closure}()
#34 C:\wamp\www\blog5\vendor\laravel\framework\src\Illuminate\Pipeline\Pipeline.php(136): Illuminate\Session\Middleware\StartSession->handle()
#35 C:\wamp\www\blog5\vendor\laravel\framework\src\Illuminate\Pipeline\Pipeline.php(136): call_user_func_array:{C:\wamp\www\blog5\vendor\laravel\framework\src\Illuminate\Pipeline\Pipeline.php:136}()
#36 C:\wamp\www\blog5\vendor\laravel\framework\src\Illuminate\Routing\Pipeline.php(32): Illuminate\Pipeline\Pipeline->Illuminate\Pipeline\{closure}()
#37 C:\wamp\www\blog5\vendor\laravel\framework\src\Illuminate\Routing\Pipeline.php(32): call_user_func:{C:\wamp\www\blog5\vendor\laravel\framework\src\Illuminate\Routing\Pipeline.php:32}()
#38 C:\wamp\www\blog5\vendor\laravel\framework\src\Illuminate\Cookie\Middleware\AddQueuedCookiesToResponse.php(37): Illuminate\Routing\Pipeline->Illuminate\Routing\{closure}()
#39 C:\wamp\www\blog5\vendor\laravel\framework\src\Illuminate\Pipeline\Pipeline.php(136): Illuminate\Cookie\Middleware\AddQueuedCookiesToResponse->handle()
#40 C:\wamp\www\blog5\vendor\laravel\framework\src\Illuminate\Pipeline\Pipeline.php(136): call_user_func_array:{C:\wamp\www\blog5\vendor\laravel\framework\src\Illuminate\Pipeline\Pipeline.php:136}()
#41 C:\wamp\www\blog5\vendor\laravel\framework\src\Illuminate\Routing\Pipeline.php(32): Illuminate\Pipeline\Pipeline->Illuminate\Pipeline\{closure}()
#42 C:\wamp\www\blog5\vendor\laravel\framework\src\Illuminate\Routing\Pipeline.php(32): call_user_func:{C:\wamp\www\blog5\vendor\laravel\framework\src\Illuminate\Routing\Pipeline.php:32}()
#43 C:\wamp\www\blog5\vendor\laravel\framework\src\Illuminate\Cookie\Middleware\EncryptCookies.php(59): Illuminate\Routing\Pipeline->Illuminate\Routing\{closure}()
#44 C:\wamp\www\blog5\vendor\laravel\framework\src\Illuminate\Pipeline\Pipeline.php(136): Illuminate\Cookie\Middleware\EncryptCookies->handle()
#45 C:\wamp\www\blog5\vendor\laravel\framework\src\Illuminate\Pipeline\Pipeline.php(136): call_user_func_array:{C:\wamp\www\blog5\vendor\laravel\framework\src\Illuminate\Pipeline\Pipeline.php:136}()
#46 C:\wamp\www\blog5\vendor\laravel\framework\src\Illuminate\Routing\Pipeline.php(32): Illuminate\Pipeline\Pipeline->Illuminate\Pipeline\{closure}()
#47 C:\wamp\www\blog5\vendor\laravel\framework\src\Illuminate\Routing\Pipeline.php(32): call_user_func:{C:\wamp\www\blog5\vendor\laravel\framework\src\Illuminate\Routing\Pipeline.php:32}()
#48 C:\wamp\www\blog5\vendor\laravel\framework\src\Illuminate\Pipeline\Pipeline.php(103): Illuminate\Routing\Pipeline->Illuminate\Routing\{closure}()
#49 C:\wamp\www\blog5\vendor\laravel\framework\src\Illuminate\Pipeline\Pipeline.php(103): call_user_func:{C:\wamp\www\blog5\vendor\laravel\framework\src\Illuminate\Pipeline\Pipeline.php:103}()
#50 C:\wamp\www\blog5\vendor\laravel\framework\src\Illuminate\Routing\Router.php(726): Illuminate\Pipeline\Pipeline->then()
#51 C:\wamp\www\blog5\vendor\laravel\framework\src\Illuminate\Routing\Router.php(699): Illuminate\Routing\Router->runRouteWithinStack()
#52 C:\wamp\www\blog5\vendor\laravel\framework\src\Illuminate\Routing\Router.php(675): Illuminate\Routing\Router->dispatchToRoute()
#53 C:\wamp\www\blog5\vendor\laravel\framework\src\Illuminate\Foundation\Http\Kernel.php(246): Illuminate\Routing\Router->dispatch()
#54 C:\wamp\www\blog5\vendor\laravel\framework\src\Illuminate\Routing\Pipeline.php(52): Illuminate\Foundation\Http\Kernel->Illuminate\Foundation\Http\{closure}()
#55 C:\wamp\www\blog5\vendor\laravel\framework\src\Illuminate\Routing\Pipeline.php(52): call_user_func:{C:\wamp\www\blog5\vendor\laravel\framework\src\Illuminate\Routing\Pipeline.php:52}()
#56 C:\wamp\www\blog5\vendor\laravel\framework\src\Illuminate\Foundation\Http\Middleware\CheckForMaintenanceMode.php(44): Illuminate\Routing\Pipeline->Illuminate\Routing\{closure}()
#57 C:\wamp\www\blog5\vendor\laravel\framework\src\Illuminate\Pipeline\Pipeline.php(136): Illuminate\Foundation\Http\Middleware\CheckForMaintenanceMode->handle()
#58 C:\wamp\www\blog5\vendor\laravel\framework\src\Illuminate\Pipeline\Pipeline.php(136): call_user_func_array:{C:\wamp\www\blog5\vendor\laravel\framework\src\Illuminate\Pipeline\Pipeline.php:136}()
#59 C:\wamp\www\blog5\vendor\laravel\framework\src\Illuminate\Routing\Pipeline.php(32): Illuminate\Pipeline\Pipeline->Illuminate\Pipeline\{closure}()
#60 C:\wamp\www\blog5\vendor\laravel\framework\src\Illuminate\Routing\Pipeline.php(32): call_user_func:{C:\wamp\www\blog5\vendor\laravel\framework\src\Illuminate\Routing\Pipeline.php:32}()
#61 C:\wamp\www\blog5\vendor\laravel\framework\src\Illuminate\Pipeline\Pipeline.php(103): Illuminate\Routing\Pipeline->Illuminate\Routing\{closure}()
#62 C:\wamp\www\blog5\vendor\laravel\framework\src\Illuminate\Pipeline\Pipeline.php(103): call_user_func:{C:\wamp\www\blog5\vendor\laravel\framework\src\Illuminate\Pipeline\Pipeline.php:103}()
#63 C:\wamp\www\blog5\vendor\laravel\framework\src\Illuminate\Foundation\Http\Kernel.php(132): Illuminate\Pipeline\Pipeline->then()
#64 C:\wamp\www\blog5\vendor\laravel\framework\src\Illuminate\Foundation\Http\Kernel.php(99): Illuminate\Foundation\Http\Kernel->sendRequestThroughRouter()
#65 C:\wamp\www\blog5\public\index.php(54): Illuminate\Foundation\Http\Kernel->handle()
#66 C:\wamp\www\blog5\public\index.php(0): {main}()
#67 {main}  
[2016-07-07 01:47:11] local.ERROR: exception 'Symfony\Component\Debug\Exception\FatalErrorException' with message 'Class 'Form' not found' in C:\wamp\www\blog5\storage\framework\views\081f12265dfb342285f1638bc53e0387f479cbda.php:23
Stack trace:
#0 C:\wamp\www\blog5\vendor\laravel\framework\src\Illuminate\Foundation\Bootstrap\HandleExceptions.php(133): Symfony\Component\Debug\Exception\FatalErrorException->__construct()
#1 C:\wamp\www\blog5\vendor\laravel\framework\src\Illuminate\Foundation\Bootstrap\HandleExceptions.php(118): Illuminate\Foundation\Bootstrap\HandleExceptions->fatalExceptionFromError()
#2 C:\wamp\www\blog5\vendor\laravel\framework\src\Illuminate\Foundation\Bootstrap\HandleExceptions.php(0): Illuminate\Foundation\Bootstrap\HandleExceptions->handleShutdown()
#3 C:\wamp\www\blog5\vendor\laravel\framework\src\Illuminate\View\Engines\PhpEngine.php(42): ()
#4 C:\wamp\www\blog5\vendor\laravel\framework\src\Illuminate\View\Engines\CompilerEngine.php(59): Illuminate\View\Engines\PhpEngine->evaluatePath()
#5 C:\wamp\www\blog5\vendor\laravel\framework\src\Illuminate\View\View.php(149): Illuminate\View\Engines\CompilerEngine->get()
#6 C:\wamp\www\blog5\vendor\laravel\framework\src\Illuminate\View\View.php(120): Illuminate\View\View->getContents()
#7 C:\wamp\www\blog5\vendor\laravel\framework\src\Illuminate\View\View.php(85): Illuminate\View\View->renderContents()
#8 C:\wamp\www\blog5\vendor\laravel\framework\src\Illuminate\Http\Response.php(53): Illuminate\View\View->render()
#9 C:\wamp\www\blog5\vendor\symfony\http-foundation\Response.php(201): Illuminate\Http\Response->setContent()
#10 C:\wamp\www\blog5\vendor\laravel\framework\src\Illuminate\Routing\Router.php(1085): Symfony\Component\HttpFoundation\Response->__construct()
#11 C:\wamp\www\blog5\vendor\laravel\framework\src\Illuminate\Routing\ControllerDispatcher.php(95): Illuminate\Routing\Router->prepareResponse()
#12 C:\wamp\www\blog5\vendor\laravel\framework\src\Illuminate\Routing\Pipeline.php(52): Illuminate\Routing\ControllerDispatcher->Illuminate\Routing\{closure}()
#13 C:\wamp\www\blog5\vendor\laravel\framework\src\Illuminate\Routing\Pipeline.php(52): call_user_func:{C:\wamp\www\blog5\vendor\laravel\framework\src\Illuminate\Routing\Pipeline.php:52}()
#14 C:\wamp\www\blog5\vendor\laravel\framework\src\Illuminate\Pipeline\Pipeline.php(103): Illuminate\Routing\Pipeline->Illuminate\Routing\{closure}()
#15 C:\wamp\www\blog5\vendor\laravel\framework\src\Illuminate\Pipeline\Pipeline.php(103): call_user_func:{C:\wamp\www\blog5\vendor\laravel\framework\src\Illuminate\Pipeline\Pipeline.php:103}()
#16 C:\wamp\www\blog5\vendor\laravel\framework\src\Illuminate\Routing\ControllerDispatcher.php(96): Illuminate\Pipeline\Pipeline->then()
#17 C:\wamp\www\blog5\vendor\laravel\framework\src\Illuminate\Routing\ControllerDispatcher.php(54): Illuminate\Routing\ControllerDispatcher->callWithinStack()
#18 C:\wamp\www\blog5\vendor\laravel\framework\src\Illuminate\Routing\Route.php(174): Illuminate\Routing\ControllerDispatcher->dispatch()
#19 C:\wamp\www\blog5\vendor\laravel\framework\src\Illuminate\Routing\Route.php(140): Illuminate\Routing\Route->runController()
#20 C:\wamp\www\blog5\vendor\laravel\framework\src\Illuminate\Routing\Router.php(724): Illuminate\Routing\Route->run()
#21 C:\wamp\www\blog5\vendor\laravel\framework\src\Illuminate\Routing\Pipeline.php(52): Illuminate\Routing\Router->Illuminate\Routing\{closure}()
#22 C:\wamp\www\blog5\vendor\laravel\framework\src\Illuminate\Routing\Pipeline.php(52): call_user_func:{C:\wamp\www\blog5\vendor\laravel\framework\src\Illuminate\Routing\Pipeline.php:52}()
#23 C:\wamp\www\blog5\vendor\laravel\framework\src\Illuminate\Foundation\Http\Middleware\VerifyCsrfToken.php(64): Illuminate\Routing\Pipeline->Illuminate\Routing\{closure}()
#24 C:\wamp\www\blog5\vendor\laravel\framework\src\Illuminate\Pipeline\Pipeline.php(136): Illuminate\Foundation\Http\Middleware\VerifyCsrfToken->handle()
#25 C:\wamp\www\blog5\vendor\laravel\framework\src\Illuminate\Pipeline\Pipeline.php(136): call_user_func_array:{C:\wamp\www\blog5\vendor\laravel\framework\src\Illuminate\Pipeline\Pipeline.php:136}()
#26 C:\wamp\www\blog5\vendor\laravel\framework\src\Illuminate\Routing\Pipeline.php(32): Illuminate\Pipeline\Pipeline->Illuminate\Pipeline\{closure}()
#27 C:\wamp\www\blog5\vendor\laravel\framework\src\Illuminate\Routing\Pipeline.php(32): call_user_func:{C:\wamp\www\blog5\vendor\laravel\framework\src\Illuminate\Routing\Pipeline.php:32}()
#28 C:\wamp\www\blog5\vendor\laravel\framework\src\Illuminate\View\Middleware\ShareErrorsFromSession.php(49): Illuminate\Routing\Pipeline->Illuminate\Routing\{closure}()
#29 C:\wamp\www\blog5\vendor\laravel\framework\src\Illuminate\Pipeline\Pipeline.php(136): Illuminate\View\Middleware\ShareErrorsFromSession->handle()
#30 C:\wamp\www\blog5\vendor\laravel\framework\src\Illuminate\Pipeline\Pipeline.php(136): call_user_func_array:{C:\wamp\www\blog5\vendor\laravel\framework\src\Illuminate\Pipeline\Pipeline.php:136}()
#31 C:\wamp\www\blog5\vendor\laravel\framework\src\Illuminate\Routing\Pipeline.php(32): Illuminate\Pipeline\Pipeline->Illuminate\Pipeline\{closure}()
#32 C:\wamp\www\blog5\vendor\laravel\framework\src\Illuminate\Routing\Pipeline.php(32): call_user_func:{C:\wamp\www\blog5\vendor\laravel\framework\src\Illuminate\Routing\Pipeline.php:32}()
#33 C:\wamp\www\blog5\vendor\laravel\framework\src\Illuminate\Session\Middleware\StartSession.php(62): Illuminate\Routing\Pipeline->Illuminate\Routing\{closure}()
#34 C:\wamp\www\blog5\vendor\laravel\framework\src\Illuminate\Pipeline\Pipeline.php(136): Illuminate\Session\Middleware\StartSession->handle()
#35 C:\wamp\www\blog5\vendor\laravel\framework\src\Illuminate\Pipeline\Pipeline.php(136): call_user_func_array:{C:\wamp\www\blog5\vendor\laravel\framework\src\Illuminate\Pipeline\Pipeline.php:136}()
#36 C:\wamp\www\blog5\vendor\laravel\framework\src\Illuminate\Routing\Pipeline.php(32): Illuminate\Pipeline\Pipeline->Illuminate\Pipeline\{closure}()
#37 C:\wamp\www\blog5\vendor\laravel\framework\src\Illuminate\Routing\Pipeline.php(32): call_user_func:{C:\wamp\www\blog5\vendor\laravel\framework\src\Illuminate\Routing\Pipeline.php:32}()
#38 C:\wamp\www\blog5\vendor\laravel\framework\src\Illuminate\Cookie\Middleware\AddQueuedCookiesToResponse.php(37): Illuminate\Routing\Pipeline->Illuminate\Routing\{closure}()
#39 C:\wamp\www\blog5\vendor\laravel\framework\src\Illuminate\Pipeline\Pipeline.php(136): Illuminate\Cookie\Middleware\AddQueuedCookiesToResponse->handle()
#40 C:\wamp\www\blog5\vendor\laravel\framework\src\Illuminate\Pipeline\Pipeline.php(136): call_user_func_array:{C:\wamp\www\blog5\vendor\laravel\framework\src\Illuminate\Pipeline\Pipeline.php:136}()
#41 C:\wamp\www\blog5\vendor\laravel\framework\src\Illuminate\Routing\Pipeline.php(32): Illuminate\Pipeline\Pipeline->Illuminate\Pipeline\{closure}()
#42 C:\wamp\www\blog5\vendor\laravel\framework\src\Illuminate\Routing\Pipeline.php(32): call_user_func:{C:\wamp\www\blog5\vendor\laravel\framework\src\Illuminate\Routing\Pipeline.php:32}()
#43 C:\wamp\www\blog5\vendor\laravel\framework\src\Illuminate\Cookie\Middleware\EncryptCookies.php(59): Illuminate\Routing\Pipeline->Illuminate\Routing\{closure}()
#44 C:\wamp\www\blog5\vendor\laravel\framework\src\Illuminate\Pipeline\Pipeline.php(136): Illuminate\Cookie\Middleware\EncryptCookies->handle()
#45 C:\wamp\www\blog5\vendor\laravel\framework\src\Illuminate\Pipeline\Pipeline.php(136): call_user_func_array:{C:\wamp\www\blog5\vendor\laravel\framework\src\Illuminate\Pipeline\Pipeline.php:136}()
#46 C:\wamp\www\blog5\vendor\laravel\framework\src\Illuminate\Routing\Pipeline.php(32): Illuminate\Pipeline\Pipeline->Illuminate\Pipeline\{closure}()
#47 C:\wamp\www\blog5\vendor\laravel\framework\src\Illuminate\Routing\Pipeline.php(32): call_user_func:{C:\wamp\www\blog5\vendor\laravel\framework\src\Illuminate\Routing\Pipeline.php:32}()
#48 C:\wamp\www\blog5\vendor\laravel\framework\src\Illuminate\Pipeline\Pipeline.php(103): Illuminate\Routing\Pipeline->Illuminate\Routing\{closure}()
#49 C:\wamp\www\blog5\vendor\laravel\framework\src\Illuminate\Pipeline\Pipeline.php(103): call_user_func:{C:\wamp\www\blog5\vendor\laravel\framework\src\Illuminate\Pipeline\Pipeline.php:103}()
#50 C:\wamp\www\blog5\vendor\laravel\framework\src\Illuminate\Routing\Router.php(726): Illuminate\Pipeline\Pipeline->then()
#51 C:\wamp\www\blog5\vendor\laravel\framework\src\Illuminate\Routing\Router.php(699): Illuminate\Routing\Router->runRouteWithinStack()
#52 C:\wamp\www\blog5\vendor\laravel\framework\src\Illuminate\Routing\Router.php(675): Illuminate\Routing\Router->dispatchToRoute()
#53 C:\wamp\www\blog5\vendor\laravel\framework\src\Illuminate\Foundation\Http\Kernel.php(246): Illuminate\Routing\Router->dispatch()
#54 C:\wamp\www\blog5\vendor\laravel\framework\src\Illuminate\Routing\Pipeline.php(52): Illuminate\Foundation\Http\Kernel->Illuminate\Foundation\Http\{closure}()
#55 C:\wamp\www\blog5\vendor\laravel\framework\src\Illuminate\Routing\Pipeline.php(52): call_user_func:{C:\wamp\www\blog5\vendor\laravel\framework\src\Illuminate\Routing\Pipeline.php:52}()
#56 C:\wamp\www\blog5\vendor\laravel\framework\src\Illuminate\Foundation\Http\Middleware\CheckForMaintenanceMode.php(44): Illuminate\Routing\Pipeline->Illuminate\Routing\{closure}()
#57 C:\wamp\www\blog5\vendor\laravel\framework\src\Illuminate\Pipeline\Pipeline.php(136): Illuminate\Foundation\Http\Middleware\CheckForMaintenanceMode->handle()
#58 C:\wamp\www\blog5\vendor\laravel\framework\src\Illuminate\Pipeline\Pipeline.php(136): call_user_func_array:{C:\wamp\www\blog5\vendor\laravel\framework\src\Illuminate\Pipeline\Pipeline.php:136}()
#59 C:\wamp\www\blog5\vendor\laravel\framework\src\Illuminate\Routing\Pipeline.php(32): Illuminate\Pipeline\Pipeline->Illuminate\Pipeline\{closure}()
#60 C:\wamp\www\blog5\vendor\laravel\framework\src\Illuminate\Routing\Pipeline.php(32): call_user_func:{C:\wamp\www\blog5\vendor\laravel\framework\src\Illuminate\Routing\Pipeline.php:32}()
#61 C:\wamp\www\blog5\vendor\laravel\framework\src\Illuminate\Pipeline\Pipeline.php(103): Illuminate\Routing\Pipeline->Illuminate\Routing\{closure}()
#62 C:\wamp\www\blog5\vendor\laravel\framework\src\Illuminate\Pipeline\Pipeline.php(103): call_user_func:{C:\wamp\www\blog5\vendor\laravel\framework\src\Illuminate\Pipeline\Pipeline.php:103}()
#63 C:\wamp\www\blog5\vendor\laravel\framework\src\Illuminate\Foundation\Http\Kernel.php(132): Illuminate\Pipeline\Pipeline->then()
#64 C:\wamp\www\blog5\vendor\laravel\framework\src\Illuminate\Foundation\Http\Kernel.php(99): Illuminate\Foundation\Http\Kernel->sendRequestThroughRouter()
#65 C:\wamp\www\blog5\public\index.php(54): Illuminate\Foundation\Http\Kernel->handle()
#66 C:\wamp\www\blog5\public\index.php(0): {main}()
#67 {main}  
